Start testing: Nov 21 10:47 CET
----------------------------------------------------------
1/4 Testing: UnitaryTest.MeshTest
1/4 Test: UnitaryTest.MeshTest
Command: "/home/racha/TD2_POO/build/UnitTests" "--gtest_filter=UnitaryTest.MeshTest" "--gtest_also_run_disabled_tests"
Directory: /home/racha/TD2_POO/build
"UnitaryTest.MeshTest" start time: Nov 21 10:47 CET
Output:
----------------------------------------------------------
Running main() from /home/racha/TD2_POO/build/_deps/googletest-src/googletest/src/gtest_main.cc
Note: Google Test filter = UnitaryTest.MeshTest
[==========] Running 1 test from 1 test suite.
[----------] Global test environment set-up.
[----------] 1 test from UnitaryTest
[ RUN      ] UnitaryTest.MeshTest
[       OK ] UnitaryTest.MeshTest (0 ms)
[----------] 1 test from UnitaryTest (0 ms total)

[----------] Global test environment tear-down
[==========] 1 test from 1 test suite ran. (0 ms total)
[  PASSED  ] 1 test.
<end of output>
Test time =   0.01 sec
----------------------------------------------------------
Test Passed.
"UnitaryTest.MeshTest" end time: Nov 21 10:47 CET
"UnitaryTest.MeshTest" time elapsed: 00:00:00
----------------------------------------------------------

2/4 Testing: UnitaryTest.ProblemTest
2/4 Test: UnitaryTest.ProblemTest
Command: "/home/racha/TD2_POO/build/UnitTests" "--gtest_filter=UnitaryTest.ProblemTest" "--gtest_also_run_disabled_tests"
Directory: /home/racha/TD2_POO/build
"UnitaryTest.ProblemTest" start time: Nov 21 10:47 CET
Output:
----------------------------------------------------------
Running main() from /home/racha/TD2_POO/build/_deps/googletest-src/googletest/src/gtest_main.cc
Note: Google Test filter = UnitaryTest.ProblemTest
[==========] Running 1 test from 1 test suite.
[----------] Global test environment set-up.
[----------] 1 test from UnitaryTest
[ RUN      ] UnitaryTest.ProblemTest
--- Solve problem ---
Itération 1:
u(0) = 30.00000
u(0.20000) = 30.00000
u(0.40000) = 22.50000
u(0.60000) = 22.50000
u(0.80000) = 15.00000
u(1.00000) = 15.00000
Itération 2:
u(0.00000) = 30.00000
u(0.20000) = 26.25000
u(0.40000) = 26.25000
u(0.60000) = 18.75000
u(0.80000) = 18.75000
u(1.00000) = 15.00000
Itération 3:
u(0.00000) = 30.00000
u(0.20000) = 28.12500
u(0.40000) = 22.50000
u(0.60000) = 22.50000
u(0.80000) = 16.87500
u(1.00000) = 15.00000
Itération 4:
u(0.00000) = 30.00000
u(0.20000) = 26.25000
u(0.40000) = 25.31250
u(0.60000) = 19.68750
u(0.80000) = 18.75000
u(1.00000) = 15.00000
Itération 5:
u(0.00000) = 30.00000
u(0.20000) = 27.65625
u(0.40000) = 22.96875
u(0.60000) = 22.03125
u(0.80000) = 17.34375
u(1.00000) = 15.00000
Itération 6:
u(0.00000) = 30.00000
u(0.20000) = 26.48438
u(0.40000) = 24.84375
u(0.60000) = 20.15625
u(0.80000) = 18.51562
u(1.00000) = 15.00000
Itération 7:
u(0.00000) = 30.00000
u(0.20000) = 27.42188
u(0.40000) = 23.32031
u(0.60000) = 21.67969
u(0.80000) = 17.57812
u(1.00000) = 15.00000
Itération 8:
u(0.00000) = 30.00000
u(0.20000) = 26.66016
u(0.40000) = 24.55078
u(0.60000) = 20.44922
u(0.80000) = 18.33984
u(1.00000) = 15.00000
Itération 9:
u(0.00000) = 30.00000
u(0.20000) = 27.27539
u(0.40000) = 23.55469
u(0.60000) = 21.44531
u(0.80000) = 17.72461
u(1.00000) = 15.00000
Itération 10:
u(0.00000) = 30.00000
u(0.20000) = 26.77734
u(0.40000) = 24.36035
u(0.60000) = 20.63965
u(0.80000) = 18.22266
u(1.00000) = 15.00000
Itération 11:
u(0.00000) = 30.00000
u(0.20000) = 27.18018
u(0.40000) = 23.70850
u(0.60000) = 21.29150
u(0.80000) = 17.81982
u(1.00000) = 15.00000
Itération 12:
u(0.00000) = 30.00000
u(0.20000) = 26.85425
u(0.40000) = 24.23584
u(0.60000) = 20.76416
u(0.80000) = 18.14575
u(1.00000) = 15.00000
Itération 13:
u(0.00000) = 30.00000
u(0.20000) = 27.11792
u(0.40000) = 23.80920
u(0.60000) = 21.19080
u(0.80000) = 17.88208
u(1.00000) = 15.00000
Itération 14:
u(0.00000) = 30.00000
u(0.20000) = 26.90460
u(0.40000) = 24.15436
u(0.60000) = 20.84564
u(0.80000) = 18.09540
u(1.00000) = 15.00000
Itération 15:
u(0.00000) = 30.00000
u(0.20000) = 27.07718
u(0.40000) = 23.87512
u(0.60000) = 21.12488
u(0.80000) = 17.92282
u(1.00000) = 15.00000
Itération 16:
u(0.00000) = 30.00000
u(0.20000) = 26.93756
u(0.40000) = 24.10103
u(0.60000) = 20.89897
u(0.80000) = 18.06244
u(1.00000) = 15.00000
Itération 17:
u(0.00000) = 30.00000
u(0.20000) = 27.05051
u(0.40000) = 23.91827
u(0.60000) = 21.08173
u(0.80000) = 17.94949
u(1.00000) = 15.00000
Itération 18:
u(0.00000) = 30.00000
u(0.20000) = 26.95913
u(0.40000) = 24.06612
u(0.60000) = 20.93388
u(0.80000) = 18.04087
u(1.00000) = 15.00000
Itération 19:
u(0.00000) = 30.00000
u(0.20000) = 27.03306
u(0.40000) = 23.94650
u(0.60000) = 21.05350
u(0.80000) = 17.96694
u(1.00000) = 15.00000
Itération 20:
u(0.00000) = 30.00000
u(0.20000) = 26.97325
u(0.40000) = 24.04328
u(0.60000) = 20.95672
u(0.80000) = 18.02675
u(1.00000) = 15.00000
Itération 21:
u(0.00000) = 30.00000
u(0.20000) = 27.02164
u(0.40000) = 23.96499
u(0.60000) = 21.03501
u(0.80000) = 17.97836
u(1.00000) = 15.00000
Itération 22:
u(0.00000) = 30.00000
u(0.20000) = 26.98249
u(0.40000) = 24.02833
u(0.60000) = 20.97167
u(0.80000) = 18.01751
u(1.00000) = 15.00000
Itération 23:
u(0.00000) = 30.00000
u(0.20000) = 27.01416
u(0.40000) = 23.97708
u(0.60000) = 21.02292
u(0.80000) = 17.98584
u(1.00000) = 15.00000
Itération 24:
u(0.00000) = 30.00000
u(0.20000) = 26.98854
u(0.40000) = 24.01854
u(0.60000) = 20.98146
u(0.80000) = 18.01146
u(1.00000) = 15.00000
Itération 25:
u(0.00000) = 30.00000
u(0.20000) = 27.00927
u(0.40000) = 23.98500
u(0.60000) = 21.01500
u(0.80000) = 17.99073
u(1.00000) = 15.00000
Itération 26:
u(0.00000) = 30.00000
u(0.20000) = 26.99250
u(0.40000) = 24.01213
u(0.60000) = 20.98787
u(0.80000) = 18.00750
u(1.00000) = 15.00000
Itération 27:
u(0.00000) = 30.00000
u(0.20000) = 27.00607
u(0.40000) = 23.99018
u(0.60000) = 21.00982
u(0.80000) = 17.99393
u(1.00000) = 15.00000
Itération 28:
u(0.00000) = 30.00000
u(0.20000) = 26.99509
u(0.40000) = 24.00794
u(0.60000) = 20.99206
u(0.80000) = 18.00491
u(1.00000) = 15.00000
Itération 29:
u(0.00000) = 30.00000
u(0.20000) = 27.00397
u(0.40000) = 23.99357
u(0.60000) = 21.00643
u(0.80000) = 17.99603
u(1.00000) = 15.00000
Itération 30:
u(0.00000) = 30.00000
u(0.20000) = 26.99679
u(0.40000) = 24.00520
u(0.60000) = 20.99480
u(0.80000) = 18.00321
u(1.00000) = 15.00000
Itération 31:
u(0.00000) = 30.00000
u(0.20000) = 27.00260
u(0.40000) = 23.99579
u(0.60000) = 21.00421
u(0.80000) = 17.99740
u(1.00000) = 15.00000
Itération 32:
u(0.00000) = 30.00000
u(0.20000) = 26.99790
u(0.40000) = 24.00340
u(0.60000) = 20.99660
u(0.80000) = 18.00210
u(1.00000) = 15.00000
Itération 33:
u(0.00000) = 30.00000
u(0.20000) = 27.00170
u(0.40000) = 23.99725
u(0.60000) = 21.00275
u(0.80000) = 17.99830
u(1.00000) = 15.00000
Itération 34:
u(0.00000) = 30.00000
u(0.20000) = 26.99862
u(0.40000) = 24.00223
u(0.60000) = 20.99777
u(0.80000) = 18.00138
u(1.00000) = 15.00000
Itération 35:
u(0.00000) = 30.00000
u(0.20000) = 27.00111
u(0.40000) = 23.99820
u(0.60000) = 21.00180
u(0.80000) = 17.99889
u(1.00000) = 15.00000
Itération 36:
u(0.00000) = 30.00000
u(0.20000) = 26.99910
u(0.40000) = 24.00146
u(0.60000) = 20.99854
u(0.80000) = 18.00090
u(1.00000) = 15.00000
Itération 37:
u(0.00000) = 30.00000
u(0.20000) = 27.00073
u(0.40000) = 23.99882
u(0.60000) = 21.00118
u(0.80000) = 17.99927
u(1.00000) = 15.00000
Itération 38:
u(0.00000) = 30.00000
u(0.20000) = 26.99941
u(0.40000) = 24.00095
u(0.60000) = 20.99905
u(0.80000) = 18.00059
u(1.00000) = 15.00000
Itération 39:
u(0.00000) = 30.00000
u(0.20000) = 27.00048
u(0.40000) = 23.99923
u(0.60000) = 21.00077
u(0.80000) = 17.99952
u(1.00000) = 15.00000
Itération 40:
u(0.00000) = 30.00000
u(0.20000) = 26.99961
u(0.40000) = 24.00062
u(0.60000) = 20.99938
u(0.80000) = 18.00039
u(1.00000) = 15.00000
Itération 41:
u(0.00000) = 30.00000
u(0.20000) = 27.00031
u(0.40000) = 23.99949
u(0.60000) = 21.00051
u(0.80000) = 17.99969
u(1.00000) = 15.00000
Itération 42:
u(0.00000) = 30.00000
u(0.20000) = 26.99975
u(0.40000) = 24.00041
u(0.60000) = 20.99959
u(0.80000) = 18.00025
u(1.00000) = 15.00000
Itération 43:
u(0.00000) = 30.00000
u(0.20000) = 27.00020
u(0.40000) = 23.99967
u(0.60000) = 21.00033
u(0.80000) = 17.99980
u(1.00000) = 15.00000
Itération 44:
u(0.00000) = 30.00000
u(0.20000) = 26.99983
u(0.40000) = 24.00027
u(0.60000) = 20.99973
u(0.80000) = 18.00017
u(1.00000) = 15.00000
Itération 45:
u(0.00000) = 30.00000
u(0.20000) = 27.00013
u(0.40000) = 23.99978
u(0.60000) = 21.00022
u(0.80000) = 17.99987
u(1.00000) = 15.00000
Itération 46:
u(0.00000) = 30.00000
u(0.20000) = 26.99989
u(0.40000) = 24.00018
u(0.60000) = 20.99982
u(0.80000) = 18.00011
u(1.00000) = 15.00000
Itération 47:
u(0.00000) = 30.00000
u(0.20000) = 27.00009
u(0.40000) = 23.99986
u(0.60000) = 21.00014
u(0.80000) = 17.99991
u(1.00000) = 15.00000
Itération 48:
u(0.00000) = 30.00000
u(0.20000) = 26.99993
u(0.40000) = 24.00011
u(0.60000) = 20.99989
u(0.80000) = 18.00007
u(1.00000) = 15.00000
Itération 49:
u(0.00000) = 30.00000
u(0.20000) = 27.00006
u(0.40000) = 23.99991
u(0.60000) = 21.00009
u(0.80000) = 17.99994
u(1.00000) = 15.00000
Itération 50:
u(0.00000) = 30.00000
u(0.20000) = 26.99995
u(0.40000) = 24.00007
u(0.60000) = 20.99993
u(0.80000) = 18.00005
u(1.00000) = 15.00000
Itération 51:
u(0.00000) = 30.00000
u(0.20000) = 27.00004
u(0.40000) = 23.99994
u(0.60000) = 21.00006
u(0.80000) = 17.99996
u(1.00000) = 15.00000
Itération 52:
u(0.00000) = 30.00000
u(0.20000) = 26.99997
u(0.40000) = 24.00005
u(0.60000) = 20.99995
u(0.80000) = 18.00003
u(1.00000) = 15.00000
Itération 53:
u(0.00000) = 30.00000
u(0.20000) = 27.00002
u(0.40000) = 23.99996
u(0.60000) = 21.00004
u(0.80000) = 17.99998
u(1.00000) = 15.00000
Itération 54:
u(0.00000) = 30.00000
u(0.20000) = 26.99998
u(0.40000) = 24.00003
u(0.60000) = 20.99997
u(0.80000) = 18.00002
u(1.00000) = 15.00000
Itération 55:
u(0.00000) = 30.00000
u(0.20000) = 27.00002
u(0.40000) = 23.99997
u(0.60000) = 21.00003
u(0.80000) = 17.99998
u(1.00000) = 15.00000
Itération 56:
u(0.00000) = 30.00000
u(0.20000) = 26.99999
u(0.40000) = 24.00002
u(0.60000) = 20.99998
u(0.80000) = 18.00001
u(1.00000) = 15.00000
Itération 57:
u(0.00000) = 30.00000
u(0.20000) = 27.00001
u(0.40000) = 23.99998
u(0.60000) = 21.00002
u(0.80000) = 17.99999
u(1.00000) = 15.00000
Itération 58:
u(0.00000) = 30.00000
u(0.20000) = 26.99999
u(0.40000) = 24.00001
u(0.60000) = 20.99999
u(0.80000) = 18.00001
u(1.00000) = 15.00000
Itération 59:
u(0.00000) = 30.00000
u(0.20000) = 27.00001
u(0.40000) = 23.99999
u(0.60000) = 21.00001
u(0.80000) = 17.99999
u(1.00000) = 15.00000
Itération 60:
u(0.00000) = 30.00000
u(0.20000) = 26.99999
u(0.40000) = 24.00001
u(0.60000) = 20.99999
u(0.80000) = 18.00001
u(1.00000) = 15.00000
Itération 61:
u(0.00000) = 30.00000
u(0.20000) = 27.00000
u(0.40000) = 23.99999
u(0.60000) = 21.00001
u(0.80000) = 18.00000
u(1.00000) = 15.00000
Itération 62:
u(0.00000) = 30.00000
u(0.20000) = 27.00000
u(0.40000) = 24.00001
u(0.60000) = 20.99999
u(0.80000) = 18.00000
u(1.00000) = 15.00000
Itération 63:
u(0.00000) = 30.00000
u(0.20000) = 27.00000
u(0.40000) = 24.00000
u(0.60000) = 21.00000
u(0.80000) = 18.00000
u(1.00000) = 15.00000
Itération 64:
u(0.00000) = 30.00000
u(0.20000) = 27.00000
u(0.40000) = 24.00000
u(0.60000) = 21.00000
u(0.80000) = 18.00000
u(1.00000) = 15.00000
Convergence atteinte après 64 itérations.
[       OK ] UnitaryTest.ProblemTest (2 ms)
[----------] 1 test from UnitaryTest (2 ms total)

[----------] Global test environment tear-down
[==========] 1 test from 1 test suite ran. (2 ms total)
[  PASSED  ] 1 test.
<end of output>
Test time =   0.01 sec
----------------------------------------------------------
Test Passed.
"UnitaryTest.ProblemTest" end time: Nov 21 10:47 CET
"UnitaryTest.ProblemTest" time elapsed: 00:00:00
----------------------------------------------------------

3/4 Testing: MainFunctionTest.EquationTest
3/4 Test: MainFunctionTest.EquationTest
Command: "/home/racha/TD2_POO/build/UnitTests" "--gtest_filter=MainFunctionTest.EquationTest" "--gtest_also_run_disabled_tests"
Directory: /home/racha/TD2_POO/build
"MainFunctionTest.EquationTest" start time: Nov 21 10:47 CET
Output:
----------------------------------------------------------
Running main() from /home/racha/TD2_POO/build/_deps/googletest-src/googletest/src/gtest_main.cc
Note: Google Test filter = MainFunctionTest.EquationTest
[==========] Running 1 test from 1 test suite.
[----------] Global test environment set-up.
[----------] 1 test from MainFunctionTest
[ RUN      ] MainFunctionTest.EquationTest
[       OK ] MainFunctionTest.EquationTest (0 ms)
[----------] 1 test from MainFunctionTest (0 ms total)

[----------] Global test environment tear-down
[==========] 1 test from 1 test suite ran. (0 ms total)
[  PASSED  ] 1 test.
<end of output>
Test time =   0.01 sec
----------------------------------------------------------
Test Passed.
"MainFunctionTest.EquationTest" end time: Nov 21 10:47 CET
"MainFunctionTest.EquationTest" time elapsed: 00:00:00
----------------------------------------------------------

4/4 Testing: structure_test
4/4 Test: structure_test
Command: "/home/racha/TD2_POO/build/SimulateurDiffusion"
Directory: /home/racha/TD2_POO/build
"structure_test" start time: Nov 21 10:47 CET
Output:
----------------------------------------------------------
--- Solve problem ---
Itération 1:
u(0) = 30.00000
u(0.20000) = 30.00000
u(0.40000) = 22.50000
u(0.60000) = 22.50000
u(0.80000) = 15.00000
u(1.00000) = 15.00000
Itération 2:
u(0.00000) = 30.00000
u(0.20000) = 26.25000
u(0.40000) = 26.25000
u(0.60000) = 18.75000
u(0.80000) = 18.75000
u(1.00000) = 15.00000
Itération 3:
u(0.00000) = 30.00000
u(0.20000) = 28.12500
u(0.40000) = 22.50000
u(0.60000) = 22.50000
u(0.80000) = 16.87500
u(1.00000) = 15.00000
Itération 4:
u(0.00000) = 30.00000
u(0.20000) = 26.25000
u(0.40000) = 25.31250
u(0.60000) = 19.68750
u(0.80000) = 18.75000
u(1.00000) = 15.00000
Itération 5:
u(0.00000) = 30.00000
u(0.20000) = 27.65625
u(0.40000) = 22.96875
u(0.60000) = 22.03125
u(0.80000) = 17.34375
u(1.00000) = 15.00000
Itération 6:
u(0.00000) = 30.00000
u(0.20000) = 26.48438
u(0.40000) = 24.84375
u(0.60000) = 20.15625
u(0.80000) = 18.51562
u(1.00000) = 15.00000
Itération 7:
u(0.00000) = 30.00000
u(0.20000) = 27.42188
u(0.40000) = 23.32031
u(0.60000) = 21.67969
u(0.80000) = 17.57812
u(1.00000) = 15.00000
Itération 8:
u(0.00000) = 30.00000
u(0.20000) = 26.66016
u(0.40000) = 24.55078
u(0.60000) = 20.44922
u(0.80000) = 18.33984
u(1.00000) = 15.00000
Itération 9:
u(0.00000) = 30.00000
u(0.20000) = 27.27539
u(0.40000) = 23.55469
u(0.60000) = 21.44531
u(0.80000) = 17.72461
u(1.00000) = 15.00000
Itération 10:
u(0.00000) = 30.00000
u(0.20000) = 26.77734
u(0.40000) = 24.36035
u(0.60000) = 20.63965
u(0.80000) = 18.22266
u(1.00000) = 15.00000
Itération 11:
u(0.00000) = 30.00000
u(0.20000) = 27.18018
u(0.40000) = 23.70850
u(0.60000) = 21.29150
u(0.80000) = 17.81982
u(1.00000) = 15.00000
Itération 12:
u(0.00000) = 30.00000
u(0.20000) = 26.85425
u(0.40000) = 24.23584
u(0.60000) = 20.76416
u(0.80000) = 18.14575
u(1.00000) = 15.00000
Itération 13:
u(0.00000) = 30.00000
u(0.20000) = 27.11792
u(0.40000) = 23.80920
u(0.60000) = 21.19080
u(0.80000) = 17.88208
u(1.00000) = 15.00000
Itération 14:
u(0.00000) = 30.00000
u(0.20000) = 26.90460
u(0.40000) = 24.15436
u(0.60000) = 20.84564
u(0.80000) = 18.09540
u(1.00000) = 15.00000
Itération 15:
u(0.00000) = 30.00000
u(0.20000) = 27.07718
u(0.40000) = 23.87512
u(0.60000) = 21.12488
u(0.80000) = 17.92282
u(1.00000) = 15.00000
Itération 16:
u(0.00000) = 30.00000
u(0.20000) = 26.93756
u(0.40000) = 24.10103
u(0.60000) = 20.89897
u(0.80000) = 18.06244
u(1.00000) = 15.00000
Itération 17:
u(0.00000) = 30.00000
u(0.20000) = 27.05051
u(0.40000) = 23.91827
u(0.60000) = 21.08173
u(0.80000) = 17.94949
u(1.00000) = 15.00000
Itération 18:
u(0.00000) = 30.00000
u(0.20000) = 26.95913
u(0.40000) = 24.06612
u(0.60000) = 20.93388
u(0.80000) = 18.04087
u(1.00000) = 15.00000
Itération 19:
u(0.00000) = 30.00000
u(0.20000) = 27.03306
u(0.40000) = 23.94650
u(0.60000) = 21.05350
u(0.80000) = 17.96694
u(1.00000) = 15.00000
Itération 20:
u(0.00000) = 30.00000
u(0.20000) = 26.97325
u(0.40000) = 24.04328
u(0.60000) = 20.95672
u(0.80000) = 18.02675
u(1.00000) = 15.00000
Itération 21:
u(0.00000) = 30.00000
u(0.20000) = 27.02164
u(0.40000) = 23.96499
u(0.60000) = 21.03501
u(0.80000) = 17.97836
u(1.00000) = 15.00000
Itération 22:
u(0.00000) = 30.00000
u(0.20000) = 26.98249
u(0.40000) = 24.02833
u(0.60000) = 20.97167
u(0.80000) = 18.01751
u(1.00000) = 15.00000
Itération 23:
u(0.00000) = 30.00000
u(0.20000) = 27.01416
u(0.40000) = 23.97708
u(0.60000) = 21.02292
u(0.80000) = 17.98584
u(1.00000) = 15.00000
Itération 24:
u(0.00000) = 30.00000
u(0.20000) = 26.98854
u(0.40000) = 24.01854
u(0.60000) = 20.98146
u(0.80000) = 18.01146
u(1.00000) = 15.00000
Itération 25:
u(0.00000) = 30.00000
u(0.20000) = 27.00927
u(0.40000) = 23.98500
u(0.60000) = 21.01500
u(0.80000) = 17.99073
u(1.00000) = 15.00000
Itération 26:
u(0.00000) = 30.00000
u(0.20000) = 26.99250
u(0.40000) = 24.01213
u(0.60000) = 20.98787
u(0.80000) = 18.00750
u(1.00000) = 15.00000
Itération 27:
u(0.00000) = 30.00000
u(0.20000) = 27.00607
u(0.40000) = 23.99018
u(0.60000) = 21.00982
u(0.80000) = 17.99393
u(1.00000) = 15.00000
Itération 28:
u(0.00000) = 30.00000
u(0.20000) = 26.99509
u(0.40000) = 24.00794
u(0.60000) = 20.99206
u(0.80000) = 18.00491
u(1.00000) = 15.00000
Itération 29:
u(0.00000) = 30.00000
u(0.20000) = 27.00397
u(0.40000) = 23.99357
u(0.60000) = 21.00643
u(0.80000) = 17.99603
u(1.00000) = 15.00000
Itération 30:
u(0.00000) = 30.00000
u(0.20000) = 26.99679
u(0.40000) = 24.00520
u(0.60000) = 20.99480
u(0.80000) = 18.00321
u(1.00000) = 15.00000
Itération 31:
u(0.00000) = 30.00000
u(0.20000) = 27.00260
u(0.40000) = 23.99579
u(0.60000) = 21.00421
u(0.80000) = 17.99740
u(1.00000) = 15.00000
Itération 32:
u(0.00000) = 30.00000
u(0.20000) = 26.99790
u(0.40000) = 24.00340
u(0.60000) = 20.99660
u(0.80000) = 18.00210
u(1.00000) = 15.00000
Itération 33:
u(0.00000) = 30.00000
u(0.20000) = 27.00170
u(0.40000) = 23.99725
u(0.60000) = 21.00275
u(0.80000) = 17.99830
u(1.00000) = 15.00000
Itération 34:
u(0.00000) = 30.00000
u(0.20000) = 26.99862
u(0.40000) = 24.00223
u(0.60000) = 20.99777
u(0.80000) = 18.00138
u(1.00000) = 15.00000
Itération 35:
u(0.00000) = 30.00000
u(0.20000) = 27.00111
u(0.40000) = 23.99820
u(0.60000) = 21.00180
u(0.80000) = 17.99889
u(1.00000) = 15.00000
Itération 36:
u(0.00000) = 30.00000
u(0.20000) = 26.99910
u(0.40000) = 24.00146
u(0.60000) = 20.99854
u(0.80000) = 18.00090
u(1.00000) = 15.00000
Itération 37:
u(0.00000) = 30.00000
u(0.20000) = 27.00073
u(0.40000) = 23.99882
u(0.60000) = 21.00118
u(0.80000) = 17.99927
u(1.00000) = 15.00000
Itération 38:
u(0.00000) = 30.00000
u(0.20000) = 26.99941
u(0.40000) = 24.00095
u(0.60000) = 20.99905
u(0.80000) = 18.00059
u(1.00000) = 15.00000
Itération 39:
u(0.00000) = 30.00000
u(0.20000) = 27.00048
u(0.40000) = 23.99923
u(0.60000) = 21.00077
u(0.80000) = 17.99952
u(1.00000) = 15.00000
Itération 40:
u(0.00000) = 30.00000
u(0.20000) = 26.99961
u(0.40000) = 24.00062
u(0.60000) = 20.99938
u(0.80000) = 18.00039
u(1.00000) = 15.00000
Itération 41:
u(0.00000) = 30.00000
u(0.20000) = 27.00031
u(0.40000) = 23.99949
u(0.60000) = 21.00051
u(0.80000) = 17.99969
u(1.00000) = 15.00000
Itération 42:
u(0.00000) = 30.00000
u(0.20000) = 26.99975
u(0.40000) = 24.00041
u(0.60000) = 20.99959
u(0.80000) = 18.00025
u(1.00000) = 15.00000
Itération 43:
u(0.00000) = 30.00000
u(0.20000) = 27.00020
u(0.40000) = 23.99967
u(0.60000) = 21.00033
u(0.80000) = 17.99980
u(1.00000) = 15.00000
Itération 44:
u(0.00000) = 30.00000
u(0.20000) = 26.99983
u(0.40000) = 24.00027
u(0.60000) = 20.99973
u(0.80000) = 18.00017
u(1.00000) = 15.00000
Itération 45:
u(0.00000) = 30.00000
u(0.20000) = 27.00013
u(0.40000) = 23.99978
u(0.60000) = 21.00022
u(0.80000) = 17.99987
u(1.00000) = 15.00000
Itération 46:
u(0.00000) = 30.00000
u(0.20000) = 26.99989
u(0.40000) = 24.00018
u(0.60000) = 20.99982
u(0.80000) = 18.00011
u(1.00000) = 15.00000
Itération 47:
u(0.00000) = 30.00000
u(0.20000) = 27.00009
u(0.40000) = 23.99986
u(0.60000) = 21.00014
u(0.80000) = 17.99991
u(1.00000) = 15.00000
Itération 48:
u(0.00000) = 30.00000
u(0.20000) = 26.99993
u(0.40000) = 24.00011
u(0.60000) = 20.99989
u(0.80000) = 18.00007
u(1.00000) = 15.00000
Itération 49:
u(0.00000) = 30.00000
u(0.20000) = 27.00006
u(0.40000) = 23.99991
u(0.60000) = 21.00009
u(0.80000) = 17.99994
u(1.00000) = 15.00000
Itération 50:
u(0.00000) = 30.00000
u(0.20000) = 26.99995
u(0.40000) = 24.00007
u(0.60000) = 20.99993
u(0.80000) = 18.00005
u(1.00000) = 15.00000
Itération 51:
u(0.00000) = 30.00000
u(0.20000) = 27.00004
u(0.40000) = 23.99994
u(0.60000) = 21.00006
u(0.80000) = 17.99996
u(1.00000) = 15.00000
Itération 52:
u(0.00000) = 30.00000
u(0.20000) = 26.99997
u(0.40000) = 24.00005
u(0.60000) = 20.99995
u(0.80000) = 18.00003
u(1.00000) = 15.00000
Itération 53:
u(0.00000) = 30.00000
u(0.20000) = 27.00002
u(0.40000) = 23.99996
u(0.60000) = 21.00004
u(0.80000) = 17.99998
u(1.00000) = 15.00000
Itération 54:
u(0.00000) = 30.00000
u(0.20000) = 26.99998
u(0.40000) = 24.00003
u(0.60000) = 20.99997
u(0.80000) = 18.00002
u(1.00000) = 15.00000
Itération 55:
u(0.00000) = 30.00000
u(0.20000) = 27.00002
u(0.40000) = 23.99997
u(0.60000) = 21.00003
u(0.80000) = 17.99998
u(1.00000) = 15.00000
Itération 56:
u(0.00000) = 30.00000
u(0.20000) = 26.99999
u(0.40000) = 24.00002
u(0.60000) = 20.99998
u(0.80000) = 18.00001
u(1.00000) = 15.00000
Itération 57:
u(0.00000) = 30.00000
u(0.20000) = 27.00001
u(0.40000) = 23.99998
u(0.60000) = 21.00002
u(0.80000) = 17.99999
u(1.00000) = 15.00000
Itération 58:
u(0.00000) = 30.00000
u(0.20000) = 26.99999
u(0.40000) = 24.00001
u(0.60000) = 20.99999
u(0.80000) = 18.00001
u(1.00000) = 15.00000
Itération 59:
u(0.00000) = 30.00000
u(0.20000) = 27.00001
u(0.40000) = 23.99999
u(0.60000) = 21.00001
u(0.80000) = 17.99999
u(1.00000) = 15.00000
Itération 60:
u(0.00000) = 30.00000
u(0.20000) = 26.99999
u(0.40000) = 24.00001
u(0.60000) = 20.99999
u(0.80000) = 18.00001
u(1.00000) = 15.00000
Itération 61:
u(0.00000) = 30.00000
u(0.20000) = 27.00000
u(0.40000) = 23.99999
u(0.60000) = 21.00001
u(0.80000) = 18.00000
u(1.00000) = 15.00000
Itération 62:
u(0.00000) = 30.00000
u(0.20000) = 27.00000
u(0.40000) = 24.00001
u(0.60000) = 20.99999
u(0.80000) = 18.00000
u(1.00000) = 15.00000
Itération 63:
u(0.00000) = 30.00000
u(0.20000) = 27.00000
u(0.40000) = 24.00000
u(0.60000) = 21.00000
u(0.80000) = 18.00000
u(1.00000) = 15.00000
Itération 64:
u(0.00000) = 30.00000
u(0.20000) = 27.00000
u(0.40000) = 24.00000
u(0.60000) = 21.00000
u(0.80000) = 18.00000
u(1.00000) = 15.00000
Convergence atteinte après 64 itérations.
<end of output>
Test time =   0.01 sec
----------------------------------------------------------
Test Passed.
"structure_test" end time: Nov 21 10:47 CET
"structure_test" time elapsed: 00:00:00
----------------------------------------------------------

End testing: Nov 21 10:47 CET
